localhost:800014:34:54 - localhost:8000Usuario NOO Autenticado - 14:35:05 - localhost:8000Usuario NOO Autenticado - 
14:35:07 - localhost:8000Usuario NOO Autenticado - 
14:35:10 - localhost:8000Usuario Autenticado - 22:18:49 - GETlocalhost:8000Usuario NOO Autenticado - 
22:18:53 - GETlocalhost:8000Usuario NOO Autenticado - 
22:18:57 - GETlocalhost:8000Usuario NOO Autenticado - 
22:19:02 - POSTlocalhost:8000Usuario Autenticado - 
22:19:05 - PUTlocalhost:8000Usuario NOO Autenticado - 
22:19:07 - DELETElocalhost:8000Usuario NOO Autenticado - 
22:20:11 - GET - localhost:8000Usuario NOO Autenticado - 
22:20:37 - GET - localhost:8000 - Usuario NOO Autenticado - 
22:20:50 - GET - localhost:8000 - Usuario NOO Autenticado - 
22:20:54 - POST - localhost:8000 - Usuario Autenticado - 
22:20:54 - PUT - localhost:8000 - Usuario NOO Autenticado - 
22:20:54 - DELETE - localhost:8000 - Usuario NOO Autenticado - 
22:21:34 - GET - localhost:8000 - Usuario NOO Autenticado - 
08:41:26 - GET - localhost:8000 - Usuario SIN TOoen - 
08:41:27 - GET - localhost:8000 - Usuario SIN TOoen - 
08:41:29 - POST - localhost:8000 - Usuario con Token - 
08:41:31 - PUT - localhost:8000 - Usuario SIN TOoen - 
08:41:32 - DELETE - localhost:8000 - Usuario SIN TOoen - 
08:46:35 - GET - Array - Usuario SIN TOoen - 
08:46:36 - GET - Array - Usuario SIN TOoen - 
08:46:36 - POST - Array - Usuario con Token - 
08:47:24 - GET - /api/departs - Usuario SIN TOoen - 
08:47:31 - GET - /api/departs/30 - Usuario SIN TOoen - 
08:50:37 - GET - /api/departs - Usuario No registrado - 
08:50:37 - GET - /api/departs/30 - Usuario No registrado - 
08:50:37 - POST - /api/departs/create - Token invalido - 08:50:38 - PUT - /api/departs/40 - Usuario No registrado - 
08:51:18 - PUT - /api/departs/40 - Usuario No registrado - 
08:51:20 - DELETE - /api/departs/80 - Usuario No registrado - 
